0 info it worked if it ends with ok
1 verbose cli [ 'C:\\Program Files\\nodejs\\node.exe',
1 verbose cli   'C:\\Users\\byte2\\AppData\\Roaming\\npm\\node_modules\\npm\\bin\\npm-cli.js',
1 verbose cli   'start' ]
2 info using npm@3.10.5
3 info using node@v4.4.7
4 verbose run-script [ 'prestart', 'start', 'poststart' ]
5 info lifecycle goh5@1.0.0~prestart: goh5@1.0.0
6 silly lifecycle goh5@1.0.0~prestart: no script for prestart, continuing
7 info lifecycle goh5@1.0.0~start: goh5@1.0.0
8 verbose lifecycle goh5@1.0.0~start: unsafe-perm in lifecycle true
9 verbose lifecycle goh5@1.0.0~start: PATH: C:\Users\byte2\AppData\Roaming\npm\node_modules\npm\bin\node-gyp-bin;H:\archive\h5editor\node_modules\.bin;C:\Program Files\nodejs;C:\Program Files\ImageMagick-7.0.1-Q16;C:\ProgramData\Oracle\Java\javapath;C:\WINDOWS\system32;C:\WINDOWS;C:\WINDOWS\System32\Wbem;C:\WINDOWS\System32\WindowsPowerShell\v1.0\;C:\Program Files\Git\cmd;C:\Python27;C:\Program Files\TortoiseSVN\bin;C:\WINDOWS\system32\config\systemprofile\.dnx\bin;C:\Program Files\Microsoft DNX\Dnvm\;C:\Program Files\Microsoft SQL Server\130\Tools\Binn\;C:\Program Files (x86)\Windows Kits\8.1\Windows Performance Toolkit\;C:\Program Files\VanDyke Software\SecureFX\;C:\Program Files\nodejs\;E:\nodejs;C:\Program Files\MongoDB\Server\3.2\bin;C:\Program Files (x86)\GtkSharp\2.12\bin;C:\Users\byte2\AppData\Local\Programs\Python\Python35\Scripts\;C:\Users\byte2\AppData\Local\Programs\Python\Python35\;C:\Program Files (x86)\Egret\Egret Wing 3\bin;C:\Users\byte2\AppData\Roaming\npm;C:\Users\byte2\AppData\Local\atom\bin
10 verbose lifecycle goh5@1.0.0~start: CWD: H:\archive\h5editor
11 silly lifecycle goh5@1.0.0~start: Args: [ '/d /s /c', 'node app.js' ]
12 silly lifecycle goh5@1.0.0~start: Returned: code: 1  signal: null
13 info lifecycle goh5@1.0.0~start: Failed to exec start script
14 verbose stack Error: goh5@1.0.0 start: `node app.js`
14 verbose stack Exit status 1
14 verbose stack     at EventEmitter.<anonymous> (C:\Users\byte2\AppData\Roaming\npm\node_modules\npm\lib\utils\lifecycle.js:242:16)
14 verbose stack     at emitTwo (events.js:87:13)
14 verbose stack     at EventEmitter.emit (events.js:172:7)
14 verbose stack     at ChildProcess.<anonymous> (C:\Users\byte2\AppData\Roaming\npm\node_modules\npm\lib\utils\spawn.js:40:14)
14 verbose stack     at emitTwo (events.js:87:13)
14 verbose stack     at ChildProcess.emit (events.js:172:7)
14 verbose stack     at maybeClose (internal/child_process.js:827:16)
14 verbose stack     at Process.ChildProcess._handle.onexit (internal/child_process.js:211:5)
15 verbose pkgid goh5@1.0.0
16 verbose cwd H:\archive\h5editor
17 error Windows_NT 10.0.10586
18 error argv "C:\\Program Files\\nodejs\\node.exe" "C:\\Users\\byte2\\AppData\\Roaming\\npm\\node_modules\\npm\\bin\\npm-cli.js" "start"
19 error node v4.4.7
20 error npm  v3.10.5
21 error code ELIFECYCLE
22 error goh5@1.0.0 start: `node app.js`
22 error Exit status 1
23 error Failed at the goh5@1.0.0 start script 'node app.js'.
23 error Make sure you have the latest version of node.js and npm installed.
23 error If you do, this is most likely a problem with the goh5 package,
23 error not with npm itself.
23 error Tell the author that this fails on your system:
23 error     node app.js
23 error You can get information on how to open an issue for this project with:
23 error     npm bugs goh5
23 error Or if that isn't available, you can get their info via:
23 error     npm owner ls goh5
23 error There is likely additional logging output above.
24 verbose exit [ 1, true ]
